TN:
SF:/home/nico/Desktop/public_repos/general-state-channels/contracts/CTFRegistry.sol
FN:10,resolveAddress
FN:15,deployCTF
FN:49,_decodeAddresses
FN:62,_decodeContractCode
FN:72,_getSig
FNF:5
FNH:5
FNDA:12,resolveAddress
FNDA:3,deployCTF
FNDA:3,_decodeAddresses
FNDA:3,_decodeContractCode
FNDA:6,_getSig
DA:11,12
DA:16,3
DA:20,3
DA:21,3
DA:22,3
DA:24,3
DA:25,3
DA:27,3
DA:28,3
DA:34,3
DA:35,6
DA:36,6
DA:37,6
DA:45,3
DA:46,3
DA:56,3
DA:63,3
DA:64,3
DA:65,3
DA:66,3
DA:67,243960
DA:69,3
DA:73,6
DA:75,6
DA:77,6
DA:81,6
LF:26
LH:26
BRDA:36,1,0,3
BRDA:36,1,1,3
BRDA:36,2,0,3
BRDA:36,2,1,0
BRDA:37,3,0,3
BRDA:37,3,1,3
BRDA:37,4,0,3
BRDA:37,4,1,0
BRF:8
BRH:6
end_of_record
TN:
SF:/home/nico/Desktop/public_repos/general-state-channels/contracts/lib/ECRecovery.sol
FN:16,recover
FNF:1
FNH:0
FNDA:0,recover
DA:21,0
DA:22,0
DA:23,0
DA:26,0
DA:27,0
DA:31,0
DA:38,0
DA:39,0
DA:43,0
DA:44,0
DA:46,0
LF:11
LH:0
BRDA:26,1,0,0
BRDA:26,1,1,0
BRDA:38,2,0,0
BRDA:38,2,1,0
BRDA:43,3,0,0
BRDA:43,3,1,0
BRF:6
BRH:0
end_of_record
TN:
SF:/home/nico/Desktop/public_repos/general-state-channels/contracts/lib/extensions/ERC20Extension.sol
FN:7,getTokenAddress
FN:13,getPartyA
FN:19,getPartyB
FN:25,getBalanceA
FN:31,getBalanceB
FN:37,getTotal
FN:50,open
FN:61,join
FN:76,update
FN:89,finalizeByzantine
FN:96,finalize
FNF:11
FNH:0
FNDA:0,getTokenAddress
FNDA:0,getPartyA
FNDA:0,getPartyB
FNDA:0,getBalanceA
FNDA:0,getBalanceB
FNDA:0,getTotal
FNDA:0,open
FNDA:0,join
FNDA:0,update
FNDA:0,finalizeByzantine
FNDA:0,finalize
DA:8,0
DA:14,0
DA:20,0
DA:26,0
DA:32,0
DA:38,0
DA:39,0
DA:41,0
DA:47,0
DA:51,0
DA:53,0
DA:55,0
DA:57,0
DA:58,0
DA:63,0
DA:65,0
DA:68,0
DA:70,0
DA:73,0
DA:78,0
DA:80,0
DA:81,0
DA:83,0
DA:86,0
DA:90,0
DA:91,0
DA:93,0
DA:97,0
DA:98,0
DA:100,0
DA:101,0
DA:103,0
DA:104,0
LF:33
LH:0
BRDA:51,1,0,0
BRDA:51,1,1,0
BRDA:55,2,0,0
BRDA:55,2,1,0
BRDA:63,3,0,0
BRDA:63,3,1,0
BRDA:68,4,0,0
BRDA:68,4,1,0
BRDA:73,5,0,0
BRDA:73,5,1,0
BRDA:80,6,0,0
BRDA:80,6,1,0
BRDA:82,7,0,0
BRDA:82,7,1,0
BRDA:86,8,0,0
BRDA:86,8,1,0
BRDA:91,9,0,0
BRDA:91,9,1,0
BRDA:101,10,0,0
BRDA:101,10,1,0
BRF:20
BRH:0
end_of_record
TN:
SF:/home/nico/Desktop/public_repos/general-state-channels/contracts/lib/extensions/ERC721Extension.sol
FNF:0
FNH:0
LF:0
LH:0
BRF:0
BRH:0
end_of_record
TN:
SF:/home/nico/Desktop/public_repos/general-state-channels/contracts/lib/extensions/EtherExtension.sol
FN:4,getMetaAddress
FN:10,getPartyA
FN:16,getPartyB
FN:22,getBalanceA
FN:28,getBalanceB
FN:34,getTotal
FN:47,open
FN:54,join
FN:64,update
FN:70,finalize
FNF:10
FNH:7
FNDA:0,getMetaAddress
FNDA:3,getPartyA
FNDA:3,getPartyB
FNDA:8,getBalanceA
FNDA:8,getBalanceB
FNDA:0,getTotal
FNDA:5,open
FNDA:5,join
FNDA:0,update
FNDA:3,finalize
DA:5,0
DA:11,3
DA:17,3
DA:23,8
DA:29,8
DA:35,0
DA:36,0
DA:38,0
DA:44,0
DA:48,5
DA:51,5
DA:55,5
DA:59,5
DA:65,0
DA:72,3
DA:73,3
LF:16
LH:10
BRDA:48,1,0,5
BRDA:48,1,1,0
BRDA:51,2,0,5
BRDA:51,2,1,0
BRDA:55,3,0,5
BRDA:55,3,1,0
BRDA:59,4,0,5
BRDA:59,4,1,0
BRDA:65,5,0,0
BRDA:65,5,1,0
BRF:10
BRH:4
end_of_record
TN:
SF:/home/nico/Desktop/public_repos/general-state-channels/contracts/lib/interpreters/LibBattleEth.sol
FN:4,finalizeState
FNF:1
FNH:0
FNDA:0,finalizeState
LF:0
LH:0
BRF:0
BRH:0
end_of_record
TN:
SF:/home/nico/Desktop/public_repos/general-state-channels/contracts/lib/interpreters/LibBidirectionalERC20.sol
FN:14,getTokenAddress
FN:20,finalizeState
FN:30,getPartyA
FN:36,getPartyB
FN:42,getBalanceA
FN:48,getBalanceB
FN:54,getTotal
FNF:7
FNH:0
FNDA:0,getTokenAddress
FNDA:0,finalizeState
FNDA:0,getPartyA
FNDA:0,getPartyB
FNDA:0,getBalanceA
FNDA:0,getBalanceB
FNDA:0,getTotal
DA:15,0
DA:21,0
DA:23,0
DA:24,0
DA:26,0
DA:27,0
DA:31,0
DA:37,0
DA:43,0
DA:49,0
DA:55,0
DA:56,0
DA:58,0
DA:64,0
LF:14
LH:0
BRDA:21,1,0,0
BRDA:21,1,1,0
BRDA:24,2,0,0
BRDA:24,2,1,0
BRF:4
BRH:0
end_of_record
TN:
SF:/home/nico/Desktop/public_repos/general-state-channels/contracts/lib/interpreters/LibBidirectionalEther.sol
FN:9,finalizeState
FN:16,finalizeByzantine
FN:25,getMetaAddress
FN:31,getRegistry
FN:37,getPartyA
FN:43,getPartyB
FN:49,getBalanceA
FN:55,getBalanceB
FN:61,getTotal
FNF:9
FNH:9
FNDA:3,finalizeState
FNDA:3,finalizeByzantine
FNDA:3,getMetaAddress
FNDA:3,getRegistry
FNDA:3,getPartyA
FNDA:3,getPartyB
FNDA:6,getBalanceA
FNDA:6,getBalanceB
FNDA:9,getTotal
DA:10,3
DA:12,3
DA:13,3
DA:17,3
DA:18,3
DA:19,3
DA:21,3
DA:22,3
DA:26,3
DA:32,3
DA:38,3
DA:44,3
DA:50,6
DA:56,6
DA:62,9
DA:63,9
DA:65,9
DA:71,9
LF:18
LH:18
BRDA:10,1,0,3
BRDA:10,1,1,0
BRDA:21,2,0,3
BRDA:21,2,1,0
BRF:4
BRH:2
end_of_record
TN:
SF:/home/nico/Desktop/public_repos/general-state-channels/contracts/lib/interpreters/LibHashLockERC20.sol
FN:18,finalizeState
FN:24,updateHTLCtoken
FNF:2
FNH:0
FNDA:0,finalizeState
FNDA:0,updateHTLCtoken
DA:21,0
DA:26,0
DA:27,0
DA:28,0
LF:4
LH:0
BRDA:27,1,0,0
BRDA:27,1,1,0
BRF:2
BRH:0
end_of_record
TN:
SF:/home/nico/Desktop/public_repos/general-state-channels/contracts/lib/interpreters/LibHashlockEther.sol
FN:18,finalizeState
FN:23,finalizeByzantine
FN:32,getMetaAddress
FN:38,getRegistry
FN:44,getPartyA
FN:50,getPartyB
FN:56,getBalanceA
FN:62,getBalanceB
FN:68,getTotal
FNF:9
FNH:5
FNDA:1,finalizeState
FNDA:1,finalizeByzantine
FNDA:1,getMetaAddress
FNDA:1,getRegistry
FNDA:0,getPartyA
FNDA:0,getPartyB
FNDA:0,getBalanceA
FNDA:0,getBalanceB
FNDA:2,getTotal
DA:24,1
DA:25,1
DA:26,1
DA:28,1
DA:29,1
DA:33,1
DA:39,1
DA:45,0
DA:51,0
DA:57,0
DA:63,0
DA:69,2
DA:70,2
DA:72,2
DA:78,2
LF:15
LH:11
BRDA:28,1,0,1
BRDA:28,1,1,0
BRF:2
BRH:1
end_of_record
TN:
SF:/home/nico/Desktop/public_repos/general-state-channels/contracts/lib/interpreters/LibPaymentERC20.sol
FNF:0
FNH:0
LF:0
LH:0
BRF:0
BRH:0
end_of_record
TN:
SF:/home/nico/Desktop/public_repos/general-state-channels/contracts/lib/interpreters/LibPaymentEth.sol
FNF:0
FNH:0
LF:0
LH:0
BRF:0
BRH:0
end_of_record
TN:
SF:/home/nico/Desktop/public_repos/general-state-channels/contracts/lib/interpreters/LibVirtualChannel.sol
FNF:0
FNH:0
LF:0
LH:0
BRF:0
BRH:0
end_of_record
TN:
SF:/home/nico/Desktop/public_repos/general-state-channels/contracts/lib/token/HumanStandardToken.sol
FN:33,
FN:47,approveAndCall
FNF:2
FNH:0
FNDA:0,
FNDA:0,approveAndCall
DA:39,0
DA:40,0
DA:41,0
DA:42,0
DA:43,0
DA:48,0
DA:49,0
DA:54,0
DA:55,0
LF:9
LH:0
BRDA:54,1,0,0
BRDA:54,1,1,0
BRF:2
BRH:0
end_of_record
TN:
SF:/home/nico/Desktop/public_repos/general-state-channels/contracts/lib/token/StandardToken.sol
FN:15,transfer
FN:27,transferFrom
FN:38,balanceOf
FN:42,approve
FN:48,allowance
FNF:5
FNH:0
FNDA:0,transfer
FNDA:0,transferFrom
FNDA:0,balanceOf
FNDA:0,approve
FNDA:0,allowance
DA:20,0
DA:21,0
DA:22,0
DA:23,0
DA:24,0
DA:30,0
DA:31,0
DA:32,0
DA:33,0
DA:34,0
DA:35,0
DA:39,0
DA:43,0
DA:44,0
DA:45,0
DA:49,0
LF:16
LH:0
BRDA:20,1,0,0
BRDA:20,1,1,0
BRDA:30,2,0,0
BRDA:30,2,1,0
BRF:4
BRH:0
end_of_record
TN:
SF:/home/nico/Desktop/public_repos/general-state-channels/contracts/lib/token/Token.sol
FNF:0
FNH:0
LF:0
LH:0
BRF:0
BRH:0
end_of_record
TN:
SF:/home/nico/Desktop/public_repos/general-state-channels/contracts/MetaChannel.sol
FN:42,
FN:54,forcePushSubchannel
FN:81,challengeForcePush
FN:112,startSettleStateSubchannel
FN:147,challengeSettleStateSubchannel
FN:177,closeWithTimeoutSubchannel
FN:198,updateHTLCBalances
FN:224,finalizeHTLCupdates
FN:230,startSettle
FN:245,challengeSettle
FN:261,closeWithTimeout
FN:270,_getInterpreterAddress
FN:276,_getChannelID
FN:282,_getSequence
FN:288,_getChallengePeriod
FN:295,_isContained
FN:312,_allowForce
FN:316,_hasAllSigs
FN:321,_hasOneSig
FN:326,_getRoot
FN:332,_getSubRoot
FN:338,_getSig
FN:351,getSubChannel
FN:384,
FNF:24
FNH:17
FNDA:8,
FNDA:0,forcePushSubchannel
FNDA:0,challengeForcePush
FNDA:4,startSettleStateSubchannel
FNDA:0,challengeSettleStateSubchannel
FNDA:4,closeWithTimeoutSubchannel
FNDA:1,updateHTLCBalances
FNDA:0,finalizeHTLCupdates
FNDA:1,startSettle
FNDA:0,challengeSettle
FNDA:1,closeWithTimeout
FNDA:4,_getInterpreterAddress
FNDA:4,_getChannelID
FNDA:4,_getSequence
FNDA:4,_getChallengePeriod
FNDA:5,_isContained
FNDA:0,_allowForce
FNDA:5,_hasAllSigs
FNDA:0,_hasOneSig
FNDA:4,_getRoot
FNDA:1,_getSubRoot
FNDA:10,_getSig
FNDA:8,getSubChannel
FNDA:4,
DA:43,8
DA:44,8
DA:45,8
DA:46,8
DA:56,0
DA:58,0
DA:60,0
DA:63,0
DA:66,0
DA:70,0
DA:72,0
DA:73,0
DA:75,0
DA:76,0
DA:77,0
DA:78,0
DA:83,0
DA:85,0
DA:88,0
DA:90,0
DA:94,0
DA:95,0
DA:96,0
DA:98,0
DA:99,0
DA:101,0
DA:102,0
DA:104,0
DA:105,0
DA:107,0
DA:114,4
DA:115,4
DA:117,4
DA:120,4
DA:122,4
DA:125,4
DA:128,4
DA:130,4
DA:132,4
DA:137,4
DA:139,4
DA:140,4
DA:141,4
DA:142,4
DA:143,4
DA:149,0
DA:150,0
DA:152,0
DA:155,0
DA:157,0
DA:159,0
DA:160,0
DA:162,0
DA:163,0
DA:165,0
DA:167,0
DA:169,0
DA:170,0
DA:171,0
DA:172,0
DA:178,4
DA:179,4
DA:180,4
DA:182,4
DA:183,4
DA:184,4
DA:186,4
DA:187,4
DA:188,4
DA:191,4
DA:199,1
DA:200,1
DA:202,1
DA:205,1
DA:207,1
DA:209,1
DA:210,1
DA:217,1
DA:218,1
DA:220,1
DA:225,0
DA:231,1
DA:232,1
DA:234,1
DA:236,1
DA:237,1
DA:239,1
DA:241,1
DA:242,1
DA:246,0
DA:247,0
DA:249,0
DA:251,0
DA:252,0
DA:254,0
DA:256,0
DA:257,0
DA:258,0
DA:262,1
DA:263,1
DA:264,1
DA:266,1
DA:271,4
DA:277,4
DA:283,4
DA:289,4
DA:296,5
DA:297,5
DA:299,5
DA:300,2
DA:302,2
DA:303,1
DA:305,1
DA:309,5
DA:313,0
DA:317,5
DA:318,5
DA:322,0
DA:323,0
DA:327,4
DA:333,1
DA:339,10
DA:340,10
DA:342,10
DA:344,10
DA:348,10
DA:368,8
DA:369,8
LF:128
LH:74
BRDA:43,1,0,8
BRDA:43,1,1,0
BRDA:56,2,0,0
BRDA:56,2,1,0
BRDA:58,3,0,0
BRDA:58,3,1,0
BRDA:60,4,0,0
BRDA:60,4,1,0
BRDA:63,5,0,0
BRDA:63,5,1,0
BRDA:66,6,0,0
BRDA:66,6,1,0
BRDA:70,7,0,0
BRDA:70,7,1,0
BRDA:73,8,0,0
BRDA:73,8,1,0
BRDA:83,9,0,0
BRDA:83,9,1,0
BRDA:85,10,0,0
BRDA:85,10,1,0
BRDA:88,11,0,0
BRDA:88,11,1,0
BRDA:90,12,0,0
BRDA:90,12,1,0
BRDA:94,13,0,0
BRDA:94,13,1,0
BRDA:95,14,0,0
BRDA:95,14,1,0
BRDA:96,15,0,0
BRDA:96,15,1,0
BRDA:99,16,0,0
BRDA:99,16,1,0
BRDA:122,17,0,4
BRDA:122,17,1,0
BRDA:125,18,0,4
BRDA:125,18,1,0
BRDA:128,19,0,4
BRDA:128,19,1,0
BRDA:132,20,0,4
BRDA:132,20,1,0
BRDA:157,21,0,0
BRDA:157,21,1,0
BRDA:159,22,0,0
BRDA:159,22,1,0
BRDA:160,23,0,0
BRDA:160,23,1,0
BRDA:163,24,0,0
BRDA:163,24,1,0
BRDA:165,25,0,0
BRDA:165,25,1,0
BRDA:178,26,0,4
BRDA:178,26,1,0
BRDA:179,27,0,4
BRDA:179,27,1,0
BRDA:180,28,0,4
BRDA:180,28,1,0
BRDA:184,29,0,4
BRDA:184,29,1,0
BRDA:191,30,0,0
BRDA:191,30,1,4
BRDA:199,31,0,1
BRDA:199,31,1,0
BRDA:200,32,0,1
BRDA:200,32,1,0
BRDA:202,33,0,1
BRDA:202,33,1,0
BRDA:205,34,0,1
BRDA:205,34,1,0
BRDA:210,35,0,1
BRDA:210,35,1,0
BRDA:234,36,0,1
BRDA:234,36,1,0
BRDA:236,37,0,1
BRDA:236,37,1,0
BRDA:237,38,0,1
BRDA:237,38,1,0
BRDA:249,39,0,0
BRDA:249,39,1,0
BRDA:251,40,0,0
BRDA:251,40,1,0
BRDA:252,41,0,0
BRDA:252,41,1,0
BRDA:254,42,0,0
BRDA:254,42,1,0
BRDA:262,43,0,1
BRDA:262,43,1,0
BRDA:263,44,0,1
BRDA:263,44,1,0
BRDA:264,45,0,1
BRDA:264,45,1,0
BRDA:302,46,0,1
BRDA:302,46,1,1
BRDA:317,47,0,5
BRDA:317,47,1,0
BRDA:322,48,0,0
BRDA:322,48,1,0
BRF:96
BRH:24
end_of_record
TN:
SF:/home/nico/Desktop/public_repos/general-state-channels/contracts/MultiSig.sol
FN:50,
FN:58,openAgreement
FN:80,joinAgreement
FN:102,depositState
FN:118,closeAgreement
FN:130,closeSubchannel
FN:143,closeWithMetachannel
FN:160,_finalizeAll
FN:168,_finalizeSubchannel
FN:174,_assertExtension
FN:182,_getInterpreter
FN:189,_hasAllSigs
FN:196,_isClose
FN:208,_getSig
FNF:14
FNH:12
FNDA:5,
FNDA:5,openAgreement
FNDA:5,joinAgreement
FNDA:0,depositState
FNDA:2,closeAgreement
FNDA:4,closeSubchannel
FNDA:1,closeWithMetachannel
FNDA:3,_finalizeAll
FNDA:4,_finalizeSubchannel
FNDA:0,_assertExtension
FNDA:4,_getInterpreter
FNDA:2,_hasAllSigs
FNDA:2,_isClose
FNDA:14,_getSig
DA:51,5
DA:52,5
DA:53,5
DA:54,5
DA:62,5
DA:63,5
DA:65,5
DA:67,5
DA:69,5
DA:73,5
DA:74,5
DA:76,5
DA:84,5
DA:87,5
DA:90,5
DA:93,5
DA:95,5
DA:97,5
DA:103,0
DA:105,0
DA:106,0
DA:107,0
DA:110,0
DA:112,0
DA:114,0
DA:119,2
DA:120,2
DA:122,2
DA:123,2
DA:125,2
DA:126,2
DA:131,4
DA:133,4
DA:134,4
DA:135,4
DA:136,4
DA:138,4
DA:140,4
DA:147,1
DA:149,1
DA:150,1
DA:151,1
DA:152,1
DA:153,1
DA:155,1
DA:161,3
DA:162,3
DA:163,3
DA:169,4
DA:170,4
DA:175,0
DA:176,0
DA:177,0
DA:179,0
DA:183,4
DA:190,2
DA:192,2
DA:197,2
DA:199,2
DA:203,2
DA:204,2
DA:209,14
DA:210,14
DA:212,14
DA:214,14
DA:218,14
LF:66
LH:55
BRDA:51,1,0,5
BRDA:51,1,1,0
BRDA:52,2,0,5
BRDA:52,2,1,0
BRDA:62,3,0,5
BRDA:62,3,1,0
BRDA:63,4,0,5
BRDA:63,4,1,0
BRDA:73,5,0,5
BRDA:73,5,1,0
BRDA:84,6,0,5
BRDA:84,6,1,0
BRDA:95,7,0,5
BRDA:95,7,1,0
BRDA:103,8,0,0
BRDA:103,8,1,0
BRDA:105,9,0,0
BRDA:105,9,1,0
BRDA:110,10,0,0
BRDA:110,10,1,0
BRDA:114,11,0,0
BRDA:114,11,1,0
BRDA:122,12,0,2
BRDA:122,12,1,0
BRDA:123,13,0,2
BRDA:123,13,1,0
BRDA:136,14,0,4
BRDA:136,14,1,0
BRDA:152,15,0,1
BRDA:152,15,1,0
BRDA:163,16,0,3
BRDA:163,16,1,0
BRDA:170,17,0,4
BRDA:170,17,1,0
BRDA:177,18,0,0
BRDA:177,18,1,0
BRDA:190,19,0,2
BRDA:190,19,1,0
BRDA:203,20,0,2
BRDA:203,20,1,0
BRF:40
BRH:15
end_of_record
